Using pre-set license
Built from '2021.1/staging' branch; Version is '2021.1.13f1 (a03098edbbe0) revision 10498200'; Using compiler version '192528614'; Build Type 'Release'
OS: 'Windows 10 Home; OS build 19042.1348; Version 2009; 64bit' Language: 'en' Physical Memory: 6021 MB
BatchMode: 1, IsHumanControllingUs: 0, StartBugReporterOnCrash: 0, Is64bit: 1, IsPro: 0

 COMMAND LINE ARGUMENTS:
C:\Program Files\Unity\Hub\Editor\2021.1.13f1\Editor\Unity.exe
-adb2
-batchMode
-noUpm
-name
AssetImportWorker0
-projectPath
C:/Users/marco/Documents/GitHub/Unity-Tutorial/Tutorial
-logFile
Logs/AssetImportWorker0.log
-srvPort
54203
Successfully changed project path to: C:/Users/marco/Documents/GitHub/Unity-Tutorial/Tutorial
C:/Users/marco/Documents/GitHub/Unity-Tutorial/Tutorial
Using Asset Import Pipeline V2.
Refreshing native plugins compatible for Editor in 120.49 ms, found 3 plugins.
Preloading 0 native plugins for Editor in 0.00 ms.
Initialize engine version: 2021.1.13f1 (a03098edbbe0)
[Subsystems] Discovering subsystems at path C:/Program Files/Unity/Hub/Editor/2021.1.13f1/Editor/Data/Resources/UnitySubsystems
[Subsystems] Discovering subsystems at path C:/Users/marco/Documents/GitHub/Unity-Tutorial/Tutorial/Assets
GfxDevice: creating device client; threaded=0; jobified=0
Direct3D:
    Version:  Direct3D 11.0 [level 11.1]
    Renderer: NVIDIA GeForce GTX 1650 (ID=0x1f91)
    Vendor:   NVIDIA
    VRAM:     3962 MB
    Driver:   27.21.14.6280
Initialize mono
Mono path[0] = 'C:/Program Files/Unity/Hub/Editor/2021.1.13f1/Editor/Data/Managed'
Mono path[1] = 'C:/Program Files/Unity/Hub/Editor/2021.1.13f1/Editor/Data/MonoBleedingEdge/lib/mono/unityjit'
Mono config path = 'C:/Program Files/Unity/Hub/Editor/2021.1.13f1/Editor/Data/MonoBleedingEdge/etc'
Using monoOptions --debugger-agent=transport=dt_socket,embedding=1,server=y,suspend=n,address=127.0.0.1:56216
Begin MonoManager ReloadAssembly
Registering precompiled unity dll's ...
Register platform support module: C:/Program Files/Unity/Hub/Editor/2021.1.13f1/Editor/Data/PlaybackEngines/WindowsStandaloneSupport/UnityEditor.WindowsStandalone.Extensions.dll
Registered in 0.006635 seconds.
Native extension for WindowsStandalone target not found
Refreshing native plugins compatible for Editor in 137.52 ms, found 3 plugins.
Preloading 0 native plugins for Editor in 0.00 ms.
Mono: successfully reloaded assembly
- Completed reload, in  3.116 seconds
Domain Reload Profiling:
	ReloadAssembly (3116ms)
		BeginReloadAssembly (124ms)
			ExecutionOrderSort (0ms)
			DisableScriptedObjects (0ms)
			BackupInstance (0ms)
			ReleaseScriptingObjects (0ms)
			CreateAndSetChildDomain (1ms)
		EndReloadAssembly (784ms)
			LoadAssemblies (119ms)
			RebuildTransferFunctionScriptingTraits (0ms)
			SetupTypeCache (288ms)
			ReleaseScriptCaches (0ms)
			RebuildScriptCaches (46ms)
			SetupLoadedEditorAssemblies (378ms)
				LogAssemblyErrors (0ms)
				InitializePlatformSupportModulesInManaged (10ms)
				SetLoadedEditorAssemblies (0ms)
				RefreshPlugins (138ms)
				BeforeProcessingInitializeOnLoad (2ms)
				ProcessInitializeOnLoadAttributes (169ms)
				ProcessInitializeOnLoadMethodAttributes (58ms)
				AfterProcessingInitializeOnLoad (0ms)
				EditorAssembliesLoaded (0ms)
			ExecutionOrderSort2 (0ms)
			AwakeInstancesAfterBackupRestoration (0ms)
Platform modules already initialized, skipping
Registering precompiled user dll's ...
Registered in 0.027192 seconds.
Begin MonoManager ReloadAssembly
Symbol file LoadedFromMemory doesn't match image C:\Users\marco\Documents\GitHub\Unity-Tutorial\Tutorial\Library\PackageCache\com.unity.visualscripting@1.6.1\Editor\VisualScripting.Core\Dependencies\YamlDotNet\Unity.VisualScripting.YamlDotNet.dll
Symbol file LoadedFromMemory doesn't match image C:\Users\marco\Documents\GitHub\Unity-Tutorial\Tutorial\Library\PackageCache\com.unity.visualscripting@1.6.1\Editor\VisualScripting.Core\Dependencies\DotNetZip\Unity.VisualScripting.IonicZip.dll
Native extension for WindowsStandalone target not found
Refreshing native plugins compatible for Editor in 0.70 ms, found 3 plugins.
Preloading 0 native plugins for Editor in 0.00 ms.
Mono: successfully reloaded assembly
- Completed reload, in  1.849 seconds
Domain Reload Profiling:
	ReloadAssembly (1850ms)
		BeginReloadAssembly (253ms)
			ExecutionOrderSort (0ms)
			DisableScriptedObjects (8ms)
			BackupInstance (0ms)
			ReleaseScriptingObjects (0ms)
			CreateAndSetChildDomain (34ms)
		EndReloadAssembly (1489ms)
			LoadAssemblies (187ms)
			RebuildTransferFunctionScriptingTraits (0ms)
			SetupTypeCache (577ms)
			ReleaseScriptCaches (1ms)
			RebuildScriptCaches (89ms)
			SetupLoadedEditorAssemblies (496ms)
				LogAssemblyErrors (0ms)
				InitializePlatformSupportModulesInManaged (7ms)
				SetLoadedEditorAssemblies (1ms)
				RefreshPlugins (1ms)
				BeforeProcessingInitializeOnLoad (102ms)
				ProcessInitializeOnLoadAttributes (362ms)
				ProcessInitializeOnLoadMethodAttributes (7ms)
				AfterProcessingInitializeOnLoad (15ms)
				EditorAssembliesLoaded (0ms)
			ExecutionOrderSort2 (0ms)
			AwakeInstancesAfterBackupRestoration (10ms)
Platform modules already initialized, skipping
========================================================================
Worker process is ready to serve import requests
Launched and connected shader compiler UnityShaderCompiler.exe after 0.09 seconds
Refreshing native plugins compatible for Editor in 1.11 ms, found 3 plugins.
Preloading 0 native plugins for Editor in 0.00 ms.
Unloading 2942 Unused Serialized files (Serialized files now loaded: 0)
System memory in use before: 105.6 MB.
System memory in use after: 105.8 MB.

Unloading 23 unused Assets to reduce memory usage. Loaded Objects now: 3386.
Total: 4.386200 ms (FindLiveObjects: 0.436100 ms CreateObjectMapping: 0.185000 ms MarkObjects: 3.649500 ms  DeleteObjects: 0.113000 ms)

AssetImportParameters requested are different than current active one (requested -> active):
  colorSpace: 1 -> 0
  custom:framework-win-MediaFoundation: 216162199b28c13a410421893ffa2e32 -> 
  custom:video-decoder-ogg-theora: a1e56fd34408186e4bbccfd4996cb3dc -> 
  custom:container-muxer-webm: aa71ff27fc2769a1b78a27578f13a17b -> 
  custom:container-demuxer-webm: 4f35f7cbe854078d1ac9338744f61a02 -> 
  custom:container-demuxer-ogg: 62fdf1f143b41e24485cea50d1cbac27 -> 
  custom:video-encoder-webm-vp8: eb34c28f22e8b96e1ab97ce403110664 -> 
  custom:video-codec-MediaFoundation-h265: 746d11721c4dcdbdad8f713fa42b33f4 -> 
  custom:video-decoder-webm-vp8: 9c59270c3fd7afecdb556c50c9e8de78 -> 
  custom:audio-decoder-ogg-vorbis: bf7c407c2cedff20999df2af8eb42d56 -> 
  custom:audio-encoder-webm-vorbis: bf7c407c2cedff20999df2af8eb42d56 -> 
========================================================================
Received Import Request.
  path: Assets/Scenes/SampleScene.unity
  artifactKey: Guid(9fc0d4010bbf28b4594072e72b8655ab) Importer(815301076,1909f56bfc062723c751e8b465ee728b)
Start importing Assets/Scenes/SampleScene.unity using Guid(9fc0d4010bbf28b4594072e72b8655ab) Importer(815301076,1909f56bfc062723c751e8b465ee728b)  -> (artifact id: '85059f4f9e1a832ed95adaa0d25c5c4c') in 0.019862 seconds 
========================================================================
Received Import Request.
  Time since last request: 374.412598 seconds.
  path: Assets
  artifactKey: Guid(00000000000000001000000000000000) Importer(815301076,1909f56bfc062723c751e8b465ee728b)
Start importing Assets using Guid(00000000000000001000000000000000) Importer(815301076,1909f56bfc062723c751e8b465ee728b)  -> (artifact id: '42d402b061de3733987d63b9cc3b64de') in 0.009980 seconds 
========================================================================
Received Import Request.
  Time since last request: 4.198175 seconds.
  path: Assets/Tutorial1
  artifactKey: Guid(a9a15bada962abd4eb356f77a5218ae3) Importer(815301076,1909f56bfc062723c751e8b465ee728b)
Start importing Assets/Tutorial1 using Guid(a9a15bada962abd4eb356f77a5218ae3) Importer(815301076,1909f56bfc062723c751e8b465ee728b)  -> (artifact id: '3b297838df4a7df45226077e4ac5137b') in 0.007735 seconds 
========================================================================
Received Import Request.
  Time since last request: 7.354689 seconds.
  path: Assets/Tutorial1/Materials
  artifactKey: Guid(0009fc8881ab70c43b89abca9a0a3a9b) Importer(815301076,1909f56bfc062723c751e8b465ee728b)
Start importing Assets/Tutorial1/Materials using Guid(0009fc8881ab70c43b89abca9a0a3a9b) Importer(815301076,1909f56bfc062723c751e8b465ee728b)  -> (artifact id: '7c96731c8847c4f773a4ce71a9b47d2f') in 0.007125 seconds 
========================================================================
Received Import Request.
  Time since last request: 5.699011 seconds.
  path: Assets/Tutorial1/Materials/New Material.mat
  artifactKey: Guid(964d255de849244459cfd58015dd93e4) Importer(815301076,1909f56bfc062723c751e8b465ee728b)
Start importing Assets/Tutorial1/Materials/New Material.mat using Guid(964d255de849244459cfd58015dd93e4) Importer(815301076,1909f56bfc062723c751e8b465ee728b)  -> (artifact id: '589d2dd82a06d77c3ab6bce81dcd600f') in 0.465442 seconds 
========================================================================
Received Import Request.
  Time since last request: 7.754384 seconds.
  path: Assets/Tutorial1/Materials/HourIndicatorMat.mat
  artifactKey: Guid(964d255de849244459cfd58015dd93e4) Importer(815301076,1909f56bfc062723c751e8b465ee728b)
Start importing Assets/Tutorial1/Materials/HourIndicatorMat.mat using Guid(964d255de849244459cfd58015dd93e4) Importer(815301076,1909f56bfc062723c751e8b465ee728b)  -> (artifact id: '7828f45c470a52b121332f1ad6d344e0') in 0.017779 seconds 
========================================================================
Received Import Request.
  Time since last request: 296.502704 seconds.
  path: Assets/Tutorial1/Materials/HourIndicatorMat.mat
  artifactKey: Guid(964d255de849244459cfd58015dd93e4) Importer(815301076,1909f56bfc062723c751e8b465ee728b)
Start importing Assets/Tutorial1/Materials/HourIndicatorMat.mat using Guid(964d255de849244459cfd58015dd93e4) Importer(815301076,1909f56bfc062723c751e8b465ee728b)  -> (artifact id: 'e7e48b15252804d16aa491649873ad57') in 0.032612 seconds 
========================================================================
Received Import Request.
  Time since last request: 42.841524 seconds.
  path: Assets/Tutorial1/Materials/ClockArmMat.mat
  artifactKey: Guid(6723575942e368b4182863bf56d01788) Importer(815301076,1909f56bfc062723c751e8b465ee728b)
Start importing Assets/Tutorial1/Materials/ClockArmMat.mat using Guid(6723575942e368b4182863bf56d01788) Importer(815301076,1909f56bfc062723c751e8b465ee728b)  -> (artifact id: 'b80b4146b47984c143b62725fe4d27c9') in 0.020023 seconds 
========================================================================
Received Import Request.
  Time since last request: 259.585398 seconds.
  path: Assets/Tutorial1/Materials/SecondArm.mat
  artifactKey: Guid(d4289d9c1a2204b4d92ef2091c14ceb3) Importer(815301076,1909f56bfc062723c751e8b465ee728b)
Start importing Assets/Tutorial1/Materials/SecondArm.mat using Guid(d4289d9c1a2204b4d92ef2091c14ceb3) Importer(815301076,1909f56bfc062723c751e8b465ee728b)  -> (artifact id: '2150faa0df5aec26bab75b4020fc48b9') in 0.018161 seconds 
========================================================================
Received Import Request.
  Time since last request: 12.949075 seconds.
  path: Assets/Tutorial1/Materials/ClockArmMat.mat
  artifactKey: Guid(6723575942e368b4182863bf56d01788) Importer(815301076,1909f56bfc062723c751e8b465ee728b)
Start importing Assets/Tutorial1/Materials/ClockArmMat.mat using Guid(6723575942e368b4182863bf56d01788) Importer(815301076,1909f56bfc062723c751e8b465ee728b)  -> (artifact id: 'f42c9c150d3bff30fcf61cc20079a6a0') in 0.018806 seconds 
========================================================================
Received Import Request.
  Time since last request: 0.000824 seconds.
  path: Assets/Tutorial1/Materials/SecondArm.mat
  artifactKey: Guid(d4289d9c1a2204b4d92ef2091c14ceb3) Importer(815301076,1909f56bfc062723c751e8b465ee728b)
Start importing Assets/Tutorial1/Materials/SecondArm.mat using Guid(d4289d9c1a2204b4d92ef2091c14ceb3) Importer(815301076,1909f56bfc062723c751e8b465ee728b)  -> (artifact id: '41fab7c3be68518b35c71acb6e334bad') in 0.018894 seconds 
========================================================================
Received Import Request.
  Time since last request: 47.992124 seconds.
  path: Assets/Tutorial1/Scripts
  artifactKey: Guid(4160dfc1696e13049903c2653d4585c7) Importer(815301076,1909f56bfc062723c751e8b465ee728b)
Start importing Assets/Tutorial1/Scripts using Guid(4160dfc1696e13049903c2653d4585c7) Importer(815301076,1909f56bfc062723c751e8b465ee728b)  -> (artifact id: '9db4f42545645934af4b11535b2bd1ad') in 0.007294 seconds 
